{
  "RSpec": {
    "coverage": {
      "/home/action/workspace/rails4.2/app/controllers/articles_controller.rb": [
        1,
        null,
        1,
        null,
        1,
        1,
        null,
        null,
        1,
        0,
        0,
        0,
        null,
        0,
        null,
        null,
        null,
        1,
        1,
        null,
        null,
        1,
        2,
        null,
        null,
        1,
        0,
        null,
        null,
        1,
        0,
        null,
        0,
        0,
        null,
        0,
        null,
        null,
        null,
        1,
        0,
        0,
        null,
        0,
        null,
        null,
        1,
        1,
        0,
        null,
        null
      ],
      "/home/action/workspace/rails4.2/app/controllers/application_controller.rb": [
        1,
        null,
        null,
        1,
        null,
        1,
        0,
        null,
        null
      ],
      "/home/action/workspace/rails4.2/spec/controllers/welcome_controller_spec.rb": [
        1,
        null,
        1,
        1,
        1,
        1,
        null,
        1,
        null,
        null,
        null
      ],
      "/home/action/workspace/rails4.2/app/controllers/welcome_controller.rb": [
        1,
        1,
        null,
        null
      ],
      "/home/action/workspace/rails4.2/spec/features/articles_spec.rb": [
        1,
        null,
        1,
        1,
        1,
        1,
        null,
        null,
        1,
        1,
        1,
        null,
        1,
        1,
        1,
        null,
        null,
        null
      ],
      "/home/action/workspace/rails4.2/spec/features/home_page_spec.rb": [
        1,
        null,
        1,
        1,
        1,
        1,
        null,
        1,
        null,
        null,
        null
      ],
      "/home/action/workspace/rails4.2/spec/models/user_spec.rb": [
        1,
        null,
        1,
        2,
        2,
        null,
        1,
        4,
        null,
        null,
        1,
        1,
        1,
        null,
        null,
        null,
        1,
        1,
        1,
        null,
        null,
        null
      ],
      "/home/action/workspace/rails4.2/app/models/article.rb": [
        1,
        1,
        1,
        null,
        null
      ],
      "/home/action/workspace/rails4.2/app/models/ability.rb": [
        1,
        1,
        null,
        1,
        null,
        null,
        4,
        4,
        1,
        null,
        3,
        0,
        0,
        null,
        3,
        3,
        0,
        null,
        3,
        3,
        null,
        null,
        null,
        null,
        null,
        null,
        null,
        null,
        null,
        null,
        null,
        null,
        null,
        null,
        null,
        null,
        null,
        null,
        null,
        null,
        null,
        null
      ],
      "/home/action/workspace/rails4.2/app/models/comment.rb": [
        1,
        1,
        null
      ]
    },
    "timestamp": 1430141982
  }
}
